Change Component Comment: Designator=Cbst Old Comment=06033C104KAT2A New Comment=Comment
Change Component Comment: Designator=Cinx Old Comment=06033C104KAT2A New Comment=Comment
Change Component Comment: Designator=Creg Old Comment=C0603C105Z8VACTU New Comment=Comment
Change Component Comment: Designator=Cff Old Comment=C0603C150M8GACTU New Comment=Comment
Change Component Comment: Designator=Css Old Comment=C0603C752J3GAC7867 New Comment=Comment
Change Component Comment: Designator=Ren Old Comment=CRCW040210K2FKED New Comment=Comment
Change Component Comment: Designator=Rfbb Old Comment=CRCW040222K1FKED New Comment=Comment
Change Component Comment: Designator=Rfbt Old Comment=CRCW0402121KFKED New Comment=Comment
Change Component Comment: Designator=Cout Old Comment=GRM31CR61A476KE15L New Comment=Comment
Change Component Comment: Designator=Cin_2 Old Comment=GRM31CR71E106KA12L New Comment=Comment
Change Component Comment: Designator=L1 Old Comment=SRP1040-3R3M New Comment=Comment
Change Component Comment: Designator=U1 Old Comment=TPS54627DDA New Comment=Comment
Change Component Designator: OldDesignator=Cbst NewDesignator=Cbst1
Change Component Designator: OldDesignator=Cff NewDesignator=Cff1
Change Component Designator: OldDesignator=Cinx NewDesignator=Cinx1
Change Component Designator: OldDesignator=Cout NewDesignator=Cout1
Change Component Designator: OldDesignator=Creg NewDesignator=Creg1
Change Component Designator: OldDesignator=Css NewDesignator=Css1
Change Component Designator: OldDesignator=Ren NewDesignator=Ren1
Change Component Designator: OldDesignator=Rfbb NewDesignator=Rfbb1
Change Component Designator: OldDesignator=Rfbt NewDesignator=Rfbt1
