Removed Pin From Net: NetName=VIN Pin=Cin_1-1
Removed Pin From Net: NetName=GND Pin=Cin_1-2
Removed Pin From Net: NetName=GND Pin=PGND1-1
Removed Pin From Net: NetName=VIN Pin=VIN1-1
Removed Pin From Net: NetName=VOUT Pin=VOUT1-1
Change Component Comment : Designator=Cbst1 Old Comment=Comment New Comment=06033C104KAT2A
Change Component Comment : Designator=Cinx1 Old Comment=Comment New Comment=06033C104KAT2A
Change Component Comment : Designator=Creg1 Old Comment=Comment New Comment=C0603C105Z8VACTU
Change Component Comment : Designator=Cff1 Old Comment=Comment New Comment=C0603C150M8GACTU
Change Component Comment : Designator=Css1 Old Comment=Comment New Comment=C0603C752J3GAC7867
Change Component Comment : Designator=Ren1 Old Comment=Comment New Comment=CRCW040210K2FKED
Change Component Comment : Designator=Rfbb1 Old Comment=Comment New Comment=CRCW040222K1FKED
Change Component Comment : Designator=Rfbt1 Old Comment=Comment New Comment=CRCW0402121KFKED
Change Component Comment : Designator=Cout1 Old Comment=Comment New Comment=GRM31CR61A476KE15L
Change Component Comment : Designator=Cin_2 Old Comment=Comment New Comment=GRM31CR71E106KA12L
Change Component Comment : Designator=L1 Old Comment=Comment New Comment=SRP1040-3R3M
Change Component Comment : Designator=U1 Old Comment=Comment New Comment=TPS54627DDA
Change Component Designator: OldDesignator=Cbst1 NewDesignator=Cbst
Change Component Designator: OldDesignator=Cff1 NewDesignator=Cff
Change Component Designator: OldDesignator=Cinx1 NewDesignator=Cinx
Change Component Designator: OldDesignator=Cout1 NewDesignator=Cout
Change Component Designator: OldDesignator=Creg1 NewDesignator=Creg
Change Component Designator: OldDesignator=Css1 NewDesignator=Css
Change Component Designator: OldDesignator=Ren1 NewDesignator=Ren
Change Component Designator: OldDesignator=Rfbb1 NewDesignator=Rfbb
Change Component Designator: OldDesignator=Rfbt1 NewDesignator=Rfbt
Change component parameters: Designator = "Cbst"; UniqueID = "\SEJGFSVV"
Change component parameters. Clean all parameters for all variants
Change component parameters (AddParameter): Name = "Manufacturer Name"; Value = "AVX"; VariantName = "[No Variations]"
Change component parameters (AddParameter): Name = "Manufacturer Part Number"; Value = "06033C104KAT2A"; VariantName = "[No Variations]"
Change component parameters (AddParameter): Name = "PackageReference"; Value = "06033C104KAT2A"; VariantName = "[No Variations]"
Change component parameters (AddParameter): Name = "Value"; Value = "100nF"; VariantName = "[No Variations]"
Change component parameters: Designator = "Cff"; UniqueID = "\TWFMKRES"
Change component parameters. Clean all parameters for all variants
Change component parameters (AddParameter): Name = "Manufacturer Name"; Value = "Kemet"; VariantName = "[No Variations]"
Change component parameters (AddParameter): Name = "Manufacturer Part Number"; Value = "C0603C150M8GACTU"; VariantName = "[No Variations]"
Change component parameters (AddParameter): Name = "PackageReference"; Value = "C0603C150M8GACTU"; VariantName = "[No Variations]"
Change component parameters (AddParameter): Name = "Value"; Value = "15pF"; VariantName = "[No Variations]"
Change component parameters: Designator = "Cin_2"; UniqueID = "\MWDXOMYA"
Change component parameters. Clean all parameters for all variants
Change component parameters (AddParameter): Name = "Manufacturer Name"; Value = "MuRata"; VariantName = "[No Variations]"
Change component parameters (AddParameter): Name = "Manufacturer Part Number"; Value = "GRM31CR71E106KA12L"; VariantName = "[No Variations]"
Change component parameters (AddParameter): Name = "PackageReference"; Value = "GRM31CR71E106KA12L"; VariantName = "[No Variations]"
Change component parameters (AddParameter): Name = "Value"; Value = "10uF"; VariantName = "[No Variations]"
Change component parameters: Designator = "Cinx"; UniqueID = "\FTIANROT"
Change component parameters. Clean all parameters for all variants
Change component parameters (AddParameter): Name = "Manufacturer Name"; Value = "AVX"; VariantName = "[No Variations]"
Change component parameters (AddParameter): Name = "Manufacturer Part Number"; Value = "06033C104KAT2A"; VariantName = "[No Variations]"
Change component parameters (AddParameter): Name = "PackageReference"; Value = "06033C104KAT2A"; VariantName = "[No Variations]"
Change component parameters (AddParameter): Name = "Value"; Value = "100nF"; VariantName = "[No Variations]"
Change component parameters: Designator = "Cout"; UniqueID = "\DGDXIPWF"
Change component parameters. Clean all parameters for all variants
Change component parameters (AddParameter): Name = "Manufacturer Name"; Value = "MuRata"; VariantName = "[No Variations]"
Change component parameters (AddParameter): Name = "Manufacturer Part Number"; Value = "GRM31CR61A476KE15L"; VariantName = "[No Variations]"
Change component parameters (AddParameter): Name = "PackageReference"; Value = "GRM31CR61A476KE15L"; VariantName = "[No Variations]"
Change component parameters (AddParameter): Name = "Value"; Value = "47uF"; VariantName = "[No Variations]"
Change component parameters: Designator = "Creg"; UniqueID = "\KXSUITHD"
Change component parameters. Clean all parameters for all variants
Change component parameters (AddParameter): Name = "Manufacturer Name"; Value = "Kemet"; VariantName = "[No Variations]"
Change component parameters (AddParameter): Name = "Manufacturer Part Number"; Value = "C0603C105Z8VACTU"; VariantName = "[No Variations]"
Change component parameters (AddParameter): Name = "PackageReference"; Value = "C0603C105Z8VACTU"; VariantName = "[No Variations]"
Change component parameters (AddParameter): Name = "Value"; Value = "1uF"; VariantName = "[No Variations]"
Change component parameters: Designator = "Css"; UniqueID = "\EAQKGAEH"
Change component parameters. Clean all parameters for all variants
Change component parameters (AddParameter): Name = "Manufacturer Name"; Value = "Kemet"; VariantName = "[No Variations]"
Change component parameters (AddParameter): Name = "Manufacturer Part Number"; Value = "C0603C752J3GAC7867"; VariantName = "[No Variations]"
Change component parameters (AddParameter): Name = "PackageReference"; Value = "C0603C752J3GAC7867"; VariantName = "[No Variations]"
Change component parameters (AddParameter): Name = "Value"; Value = "7.5nF"; VariantName = "[No Variations]"
Change component parameters: Designator = "L1"; UniqueID = "\JVALCABW"
Change component parameters. Clean all parameters for all variants
Change component parameters (AddParameter): Name = "Manufacturer Name"; Value = "Bourns"; VariantName = "[No Variations]"
Change component parameters (AddParameter): Name = "Manufacturer Part Number"; Value = "SRP1040-3R3M"; VariantName = "[No Variations]"
Change component parameters (AddParameter): Name = "PackageReference"; Value = "SRP1040-3R3M"; VariantName = "[No Variations]"
Change component parameters (AddParameter): Name = "Value"; Value = "3.3uH"; VariantName = "[No Variations]"
Change component parameters: Designator = "Ren"; UniqueID = "\XUHWOSEE"
Change component parameters. Clean all parameters for all variants
Change component parameters (AddParameter): Name = "Manufacturer Name"; Value = "Vishay-Dale"; VariantName = "[No Variations]"
Change component parameters (AddParameter): Name = "Manufacturer Part Number"; Value = "CRCW040210K2FKED"; VariantName = "[No Variations]"
Change component parameters (AddParameter): Name = "PackageReference"; Value = "CRCW040210K2FKED"; VariantName = "[No Variations]"
Change component parameters (AddParameter): Name = "Value"; Value = "10.2k"; VariantName = "[No Variations]"
Change component parameters: Designator = "Rfbb"; UniqueID = "\TQLTJASO"
Change component parameters. Clean all parameters for all variants
Change component parameters (AddParameter): Name = "Manufacturer Name"; Value = "Vishay-Dale"; VariantName = "[No Variations]"
Change component parameters (AddParameter): Name = "Manufacturer Part Number"; Value = "CRCW040222K1FKED"; VariantName = "[No Variations]"
Change component parameters (AddParameter): Name = "PackageReference"; Value = "CRCW040222K1FKED"; VariantName = "[No Variations]"
Change component parameters (AddParameter): Name = "Value"; Value = "22.1k"; VariantName = "[No Variations]"
Change component parameters: Designator = "Rfbt"; UniqueID = "\FNTTNUJU"
Change component parameters. Clean all parameters for all variants
Change component parameters (AddParameter): Name = "Manufacturer Name"; Value = "Vishay-Dale"; VariantName = "[No Variations]"
Change component parameters (AddParameter): Name = "Manufacturer Part Number"; Value = "CRCW0402121KFKED"; VariantName = "[No Variations]"
Change component parameters (AddParameter): Name = "PackageReference"; Value = "CRCW0402121KFKED"; VariantName = "[No Variations]"
Change component parameters (AddParameter): Name = "Value"; Value = "121k"; VariantName = "[No Variations]"
Change component parameters: Designator = "U1"; UniqueID = "\XEVTXIRL"
Change component parameters. Clean all parameters for all variants
Change component parameters (AddParameter): Name = "Manufacturer Name"; Value = "Texas Instruments"; VariantName = "[No Variations]"
Change component parameters (AddParameter): Name = "Manufacturer Part Number"; Value = "TPS54627DDA"; VariantName = "[No Variations]"
Change component parameters (AddParameter): Name = "PackageReference"; Value = "TPS54627DDAR"; VariantName = "[No Variations]"
Change component parameters (AddParameter): Name = "Value"; Value = "Value"; VariantName = "[No Variations]"
Change Net Name : Old Net Name=3 New Net Name=NetCreg_1
Change Net Name : Old Net Name=4 New Net Name=NetCss_1
Change Net Name : Old Net Name=5 New Net Name=NetCff_2
Change Net Name : Old Net Name=6 New Net Name=NetCbst_2
Change Net Name : Old Net Name=7 New Net Name=NetRen_1
Change Net Name : Old Net Name=8 New Net Name=NetCbst_1
Change Net Name : Old Net Name=GND New Net Name=0
Added Class: Name=2018-01-06_20-47-271
Added Room: Name=2018-01-06_20-47-271
