Replace Part 9DOF Header 10 in C:\Users\Jorian Brusind\Documents\GitHub\PersonalProjects\Altium Projects\Underwater_ROV_AuxBoard\Underwater_ROV_Sensors.SchDoc with Header 10 from Miscellaneous Connectors.IntLib
Replace Part C1 Cap2 in C:\Users\Jorian Brusind\Documents\GitHub\PersonalProjects\Altium Projects\Underwater_ROV_AuxBoard\Underwater_ROV_Sensors.SchDoc with Cap2 from Miscellaneous Devices.IntLib
Replace Part C2 Cap2 in C:\Users\Jorian Brusind\Documents\GitHub\PersonalProjects\Altium Projects\Underwater_ROV_AuxBoard\Underwater_ROV_Sensors.SchDoc with Cap2 from Miscellaneous Devices.IntLib
Replace Part C3 Cap2 in C:\Users\Jorian Brusind\Documents\GitHub\PersonalProjects\Altium Projects\Underwater_ROV_AuxBoard\Underwater_ROV_Sensors.SchDoc with Cap2 from Miscellaneous Devices.IntLib
Replace Part C4 Cap2 in C:\Users\Jorian Brusind\Documents\GitHub\PersonalProjects\Altium Projects\Underwater_ROV_AuxBoard\Underwater_ROV_Sensors.SchDoc with Cap2 from Miscellaneous Devices.IntLib
Replace Part C5 Cap2 in C:\Users\Jorian Brusind\Documents\GitHub\PersonalProjects\Altium Projects\Underwater_ROV_AuxBoard\Underwater_ROV_Sensors.SchDoc with Cap2 from Miscellaneous Devices.IntLib
Replace Part C6 Cap2 in C:\Users\Jorian Brusind\Documents\GitHub\PersonalProjects\Altium Projects\Underwater_ROV_AuxBoard\Underwater_ROV_Sensors.SchDoc with Cap2 from Miscellaneous Devices.IntLib
Replace Part C7 Cap2 in C:\Users\Jorian Brusind\Documents\GitHub\PersonalProjects\Altium Projects\Underwater_ROV_AuxBoard\Underwater_ROV_Sensors.SchDoc with Cap2 from Miscellaneous Devices.IntLib
Replace Part Current_1 ACS711 in C:\Users\Jorian Brusind\Documents\GitHub\PersonalProjects\Altium Projects\Underwater_ROV_AuxBoard\Underwater_ROV_Sensors.SchDoc with ACS711 from UROV_Aux_Lib.IntLib
Replace Part Current_2 ACS711 in C:\Users\Jorian Brusind\Documents\GitHub\PersonalProjects\Altium Projects\Underwater_ROV_AuxBoard\Underwater_ROV_Sensors.SchDoc with ACS711 from UROV_Aux_Lib.IntLib
Replace Part Current_3 ACS711 in C:\Users\Jorian Brusind\Documents\GitHub\PersonalProjects\Altium Projects\Underwater_ROV_AuxBoard\Underwater_ROV_Sensors.SchDoc with ACS711 from UROV_Aux_Lib.IntLib
Replace Part Current_4 ACS711 in C:\Users\Jorian Brusind\Documents\GitHub\PersonalProjects\Altium Projects\Underwater_ROV_AuxBoard\Underwater_ROV_Sensors.SchDoc with ACS711 from UROV_Aux_Lib.IntLib
Replace Part Current_5 ACS711 in C:\Users\Jorian Brusind\Documents\GitHub\PersonalProjects\Altium Projects\Underwater_ROV_AuxBoard\Underwater_ROV_Sensors.SchDoc with ACS711 from UROV_Aux_Lib.IntLib
Replace Part Current_6 ACS711 in C:\Users\Jorian Brusind\Documents\GitHub\PersonalProjects\Altium Projects\Underwater_ROV_AuxBoard\Underwater_ROV_Sensors.SchDoc with ACS711 from UROV_Aux_Lib.IntLib
Replace Part Current_7 ACS711 in C:\Users\Jorian Brusind\Documents\GitHub\PersonalProjects\Altium Projects\Underwater_ROV_AuxBoard\Underwater_ROV_Sensors.SchDoc with ACS711 from UROV_Aux_Lib.IntLib
Replace Part Current Viout Header 7 in C:\Users\Jorian Brusind\Documents\GitHub\PersonalProjects\Altium Projects\Underwater_ROV_AuxBoard\Underwater_ROV_Sensors.SchDoc with Header 7 from Miscellaneous Connectors.IntLib
Replace Part D5 Diode 1N4001 in C:\Users\Jorian Brusind\Documents\GitHub\PersonalProjects\Altium Projects\Underwater_ROV_AuxBoard\Underwater_ROV_Sensors.SchDoc with Diode 1N4001 from Miscellaneous Devices.IntLib
Replace Part ESC1 XT60_2pin in C:\Users\Jorian Brusind\Documents\GitHub\PersonalProjects\Altium Projects\Underwater_ROV_AuxBoard\Underwater_ROV_Sensors.SchDoc with XT60_2pin from UROV_Aux_Lib.IntLib
Replace Part ESC2 XT60_2pin in C:\Users\Jorian Brusind\Documents\GitHub\PersonalProjects\Altium Projects\Underwater_ROV_AuxBoard\Underwater_ROV_Sensors.SchDoc with XT60_2pin from UROV_Aux_Lib.IntLib
Replace Part ESC3 XT60_2pin in C:\Users\Jorian Brusind\Documents\GitHub\PersonalProjects\Altium Projects\Underwater_ROV_AuxBoard\Underwater_ROV_Sensors.SchDoc with XT60_2pin from UROV_Aux_Lib.IntLib
Replace Part ESC4 XT60_2pin in C:\Users\Jorian Brusind\Documents\GitHub\PersonalProjects\Altium Projects\Underwater_ROV_AuxBoard\Underwater_ROV_Sensors.SchDoc with XT60_2pin from UROV_Aux_Lib.IntLib
Replace Part ESC5 XT60_2pin in C:\Users\Jorian Brusind\Documents\GitHub\PersonalProjects\Altium Projects\Underwater_ROV_AuxBoard\Underwater_ROV_Sensors.SchDoc with XT60_2pin from UROV_Aux_Lib.IntLib
Replace Part ESC6 XT60_2pin in C:\Users\Jorian Brusind\Documents\GitHub\PersonalProjects\Altium Projects\Underwater_ROV_AuxBoard\Underwater_ROV_Sensors.SchDoc with XT60_2pin from UROV_Aux_Lib.IntLib
Replace Part ESC7 XT60_2pin in C:\Users\Jorian Brusind\Documents\GitHub\PersonalProjects\Altium Projects\Underwater_ROV_AuxBoard\Underwater_ROV_Sensors.SchDoc with XT60_2pin from UROV_Aux_Lib.IntLib
Replace Part Light Header 2H in C:\Users\Jorian Brusind\Documents\GitHub\PersonalProjects\Altium Projects\Underwater_ROV_AuxBoard\Underwater_ROV_Sensors.SchDoc with Header 2H from Miscellaneous Connectors.IntLib
Replace Part Nano_1 ARDUINO_NANO in C:\Users\Jorian Brusind\Documents\GitHub\PersonalProjects\Altium Projects\Underwater_ROV_AuxBoard\Underwater_ROV_Sensors.SchDoc with ARDUINO_NANO from E14_Arduino_revC.IntLib
Replace Part P7 Header 15 in C:\Users\Jorian Brusind\Documents\GitHub\PersonalProjects\Altium Projects\Underwater_ROV_AuxBoard\Underwater_ROV_Sensors.SchDoc with Header 15 from Miscellaneous Connectors.IntLib
Replace Part P13 Header 15 in C:\Users\Jorian Brusind\Documents\GitHub\PersonalProjects\Altium Projects\Underwater_ROV_AuxBoard\Underwater_ROV_Sensors.SchDoc with Header 15 from Miscellaneous Connectors.IntLib
Replace Part Pressure Header 4 in C:\Users\Jorian Brusind\Documents\GitHub\PersonalProjects\Altium Projects\Underwater_ROV_AuxBoard\Underwater_ROV_Sensors.SchDoc with Header 4 from Miscellaneous Connectors.IntLib
Replace Part R2 Res1 in C:\Users\Jorian Brusind\Documents\GitHub\PersonalProjects\Altium Projects\Underwater_ROV_AuxBoard\Underwater_ROV_Sensors.SchDoc with Res1 from Miscellaneous Devices.IntLib
Replace Part R3 Res1 in C:\Users\Jorian Brusind\Documents\GitHub\PersonalProjects\Altium Projects\Underwater_ROV_AuxBoard\Underwater_ROV_Sensors.SchDoc with Res1 from Miscellaneous Devices.IntLib
Replace Part R4 Res1 in C:\Users\Jorian Brusind\Documents\GitHub\PersonalProjects\Altium Projects\Underwater_ROV_AuxBoard\Underwater_ROV_Sensors.SchDoc with Res1 from Miscellaneous Devices.IntLib
Replace Part R5 Res1 in C:\Users\Jorian Brusind\Documents\GitHub\PersonalProjects\Altium Projects\Underwater_ROV_AuxBoard\Underwater_ROV_Sensors.SchDoc with Res1 from Miscellaneous Devices.IntLib
Replace Part R6 Res1 in C:\Users\Jorian Brusind\Documents\GitHub\PersonalProjects\Altium Projects\Underwater_ROV_AuxBoard\Underwater_ROV_Sensors.SchDoc with Res1 from Miscellaneous Devices.IntLib
Replace Part R7 Res1 in C:\Users\Jorian Brusind\Documents\GitHub\PersonalProjects\Altium Projects\Underwater_ROV_AuxBoard\Underwater_ROV_Sensors.SchDoc with Res1 from Miscellaneous Devices.IntLib
Replace Part R8 Res1 in C:\Users\Jorian Brusind\Documents\GitHub\PersonalProjects\Altium Projects\Underwater_ROV_AuxBoard\Underwater_ROV_Sensors.SchDoc with Res1 from Miscellaneous Devices.IntLib
Replace Part R9 Res1 in C:\Users\Jorian Brusind\Documents\GitHub\PersonalProjects\Altium Projects\Underwater_ROV_AuxBoard\Underwater_ROV_Sensors.SchDoc with Res1 from Miscellaneous Devices.IntLib
Replace Part R10 Res1 in C:\Users\Jorian Brusind\Documents\GitHub\PersonalProjects\Altium Projects\Underwater_ROV_AuxBoard\Underwater_ROV_Sensors.SchDoc with Res1 from Miscellaneous Devices.IntLib
Replace Part Water Header 3H in C:\Users\Jorian Brusind\Documents\GitHub\PersonalProjects\Altium Projects\Underwater_ROV_AuxBoard\Underwater_ROV_Sensors.SchDoc with Header 3H from Miscellaneous Connectors.IntLib
