Removed Pin From Net: NetName=GND Pin=ESP12F-1
Removed Pin From Net: NetName=NetDHT11_2 Pin=ESP12F-17
Removed Pin From Net: NetName=NetESP12F_23 Pin=R?-1
Removed Pin From Net: NetName=NetESP12F_24 Pin=R?-1
Removed Pin From Net: NetName=NetESP12F_25 Pin=R?-1
Removed Pin From Net: NetName=NetESP12F_19 Pin=U1-1
Change Component DesignItemId : Designator=ESP12F Old DesignItemId=CMP-sxw3ufcwmxs35hbw3bea-1 New DesignItemId=CMP-sxw3ufcwmxs35hbw3bea-6
Change Component Library : Designator=ESP12F Old Library=FavoritesLibrary New Library=CommunityVault
Added Pin To Net: NetName=3_3V Pin=ESP12F-1
Added Pin To Net: NetName=GND Pin=ESP12F-2
Added Pin To Net: NetName=NetDHT11_2 Pin=ESP12F-18
Added Pin To Net: NetName=NetESP12F_23 Pin=R?-1
Added Pin To Net: NetName=NetESP12F_24 Pin=R?-1
Added Pin To Net: NetName=NetESP12F_25 Pin=R?-1
Added Pin To Net: NetName=NetESP12F_19 Pin=U1-6
Added Pin To Net: NetName=NetESP12F_20 Pin=ESP12F-20
Added Pin To Net: NetName=NetESP12F_20 Pin=U1-1
Added Net: Name=NetESP12F_20
Added Pin To Net: NetName=NetESP12F_26 Pin=ESP12F-26
Added Pin To Net: NetName=NetESP12F_26 Pin=R?-1
Added Net: Name=NetESP12F_26
