Removed Pin From Net: NetName=Net20_2 Pin=20-2
Removed Pin From Net: NetName=Net20_2 Pin=20-2
Removed Member From Class: ClassName=LEDS Member=10K
Removed Member From Class: ClassName=Motor_Controller Member=10K
Removed Member From Class: ClassName=LEDS Member=20
Change Component Designator: OldDesignator=10K NewDesignator=R?
Change Component Designator: OldDesignator=10K NewDesignator=R?
Change Component Designator: OldDesignator=10K NewDesignator=R?
Change Component Designator: OldDesignator=10K NewDesignator=R?
Change Component Designator: OldDesignator=10K NewDesignator=R?
Added Component: Designator=R?(PCB-mctr3h3tvednl0z90ud0-1)
Added Component: Designator=R?(PCB-mctr3h3tvednl0z90ud0-1)
Added Component: Designator=R?(PCB-mctr3h3tvednl0z90ud0-1)
Added Component: Designator=R?(PCB-mctr3h3tvednl0z90ud0-1)
Added Component: Designator=R?(PCB-mctr3h3tvednl0z90ud0-1)
Added Component: Designator=R?(PCB-mctr3h3tvednl0z90ud0-1)
Added Pin To Net: NetName=5V Pin=DHT11-1
Added Pin To Net: NetName=5V Pin=R?-2
Added Pin To Net: NetName=Net20_2 Pin=R?-2
Added Pin To Net: NetName=Net20_2 Pin=R?-2
Change Net Name : Old Net Name=Net10K_1 New Net Name=NetESP12F_25
Change Net Name : Old Net Name=Net10K_2 New Net Name=NetQ4_1
Change Net Name : Old Net Name=Net20_2 New Net Name=NetD1_1
Added Pin To Net: NetName=NetD1_3 Pin=D1-3
Added Pin To Net: NetName=NetD1_3 Pin=D2-3
Added Pin To Net: NetName=NetD1_3 Pin=D3-3
Added Pin To Net: NetName=NetD1_3 Pin=D4-3
Added Pin To Net: NetName=NetD1_3 Pin=R?-2
Added Pin To Net: NetName=NetD1_3 Pin=R?-2
Added Net: Name=NetD1_3
Added Pin To Net: NetName=NetD1_4 Pin=D1-4
Added Pin To Net: NetName=NetD1_4 Pin=D2-4
Added Pin To Net: NetName=NetD1_4 Pin=D3-4
Added Pin To Net: NetName=NetD1_4 Pin=D4-4
Added Pin To Net: NetName=NetD1_4 Pin=R?-2
Added Pin To Net: NetName=NetD1_4 Pin=R?-2
Added Net: Name=NetD1_4
Added Pin To Net: NetName=NetDHT11_2 Pin=DHT11-2
Added Pin To Net: NetName=NetDHT11_2 Pin=ESP12F-17
Added Pin To Net: NetName=NetDHT11_2 Pin=R?-1
Added Net: Name=NetDHT11_2
Added Pin To Net: NetName=NetESP12F_22 Pin=ESP12F-22
Added Pin To Net: NetName=NetESP12F_22 Pin=R?-1
Added Net: Name=NetESP12F_22
Added Pin To Net: NetName=NetESP12F_23 Pin=ESP12F-23
Added Pin To Net: NetName=NetESP12F_23 Pin=R?-1
Added Net: Name=NetESP12F_23
Added Pin To Net: NetName=NetESP12F_24 Pin=ESP12F-24
Added Pin To Net: NetName=NetESP12F_24 Pin=R?-1
Added Net: Name=NetESP12F_24
Added Pin To Net: NetName=NetQ1_1 Pin=Q1-1
Added Pin To Net: NetName=NetQ1_1 Pin=R?-2
Added Net: Name=NetQ1_1
Added Pin To Net: NetName=NetQ1_3 Pin=Q1-3
Added Pin To Net: NetName=NetQ1_3 Pin=R?-1
Added Pin To Net: NetName=NetQ1_3 Pin=R?-1
Added Net: Name=NetQ1_3
Added Pin To Net: NetName=NetQ2_1 Pin=Q2-1
Added Pin To Net: NetName=NetQ2_1 Pin=R?-2
Added Net: Name=NetQ2_1
Added Pin To Net: NetName=NetQ2_3 Pin=Q2-3
Added Pin To Net: NetName=NetQ2_3 Pin=R?-1
Added Pin To Net: NetName=NetQ2_3 Pin=R?-1
Added Net: Name=NetQ2_3
Added Pin To Net: NetName=NetQ3_1 Pin=Q3-1
Added Pin To Net: NetName=NetQ3_1 Pin=R?-2
Added Net: Name=NetQ3_1
Added Pin To Net: NetName=NetQ3_3 Pin=Q3-3
Added Pin To Net: NetName=NetQ3_3 Pin=R?-1
Added Pin To Net: NetName=NetQ3_3 Pin=R?-1
Added Net: Name=NetQ3_3
Added Member To Class: ClassName=LEDS Member=Component R? Res2
Added Member To Class: ClassName=Motor_Controller Member=Component R? Res2
