Added Component: Designator=U1(SOT23-8)
Add component. Clean all parameters for all variants
Add component (AddParameter): Name = "ComponentLink1Description"; Value = "http://www.ti.com/general/docs/lit/getliterature.tsp?genericPartNumber=TPS563210&amp;&amp;fileType=pdf"; VariantName = "[No Variations]"
Add component (AddParameter): Name = "ComponentLink1URL"; Value = "http://www.ti.com/general/docs/lit/getliterature.tsp?genericPartNumber=TPS563210&amp;&amp;fileType=pdf"; VariantName = "[No Variations]"
Add component (AddParameter): Name = "DC / DC Converter IC Case"; Value = "SOT-23"; VariantName = "[No Variations]"
Add component (AddParameter): Name = "Input Voltage Max"; Value = "17"; VariantName = "[No Variations]"
Add component (AddParameter): Name = "Input Voltage Min"; Value = "4.5"; VariantName = "[No Variations]"
Add component (AddParameter): Name = "Manufacturer"; Value = "TEXAS INSTRUMENTS"; VariantName = "[No Variations]"
Add component (AddParameter): Name = "Manufacturer Part Number"; Value = "TPS563210DDFT"; VariantName = "[No Variations]"
Add component (AddParameter): Name = "No. of Outputs"; Value = "1"; VariantName = "[No Variations]"
Add component (AddParameter): Name = "No. of Pins"; Value = "8"; VariantName = "[No Variations]"
Add component (AddParameter): Name = "Output Current"; Value = "3"; VariantName = "[No Variations]"
Add component (AddParameter): Name = "Pricing 1"; Value = "1=1.92, 10=1.63, 25=1.52, 50=1.41, 100=1.3 (USD)"; VariantName = "[No Variations]"
Add component (AddParameter): Name = "RoHS"; Value = "YES"; VariantName = "[No Variations]"
Add component (AddParameter): Name = "Stock 1"; Value = "60"; VariantName = "[No Variations]"
Add component (AddParameter): Name = "Supplier 1"; Value = "Newark"; VariantName = "[No Variations]"
Add component (AddParameter): Name = "Supplier Part Number 1"; Value = "51Y5695"; VariantName = "[No Variations]"
Add component (AddParameter): Name = "Topology"; Value = "Synchronous Buck (Step Down)"; VariantName = "[No Variations]"
Added Pin To Net: NetName=GND Pin=U1-1
Added Pin To Net: NetName=NetC8_2 Pin=U1-2
Added Pin To Net: NetName=Net1_8 Pin=U1-3
Added Pin To Net: NetName=NetR5_1 Pin=U1-4
Added Pin To Net: NetName=NetC10_1 Pin=U1-5
Added Pin To Net: NetName=NetR4_2 Pin=U1-6
Added Pin To Net: NetName=Net1_8 Pin=U1-7
Added Pin To Net: NetName=NetC8_1 Pin=U1-8
Added Member To Class: ClassName=3_3V Regulator Member=Component U1 TPS563210DDFT
