Change Component Designator: OldDesignator=P4 (5) NewDesignator=P4
Change Component Designator: OldDesignator=P5 (3_3) NewDesignator=P5
Added Component: Designator=P?(HDR2X8_CEN)
Add component. Clean all parameters for all variants
Add component (AddParameter): Name = "LatestRevisionDate"; Value = "17-Jul-2002"; VariantName = "[No Variations]"
Add component (AddParameter): Name = "LatestRevisionNote"; Value = "Re-released for DXP Platform."; VariantName = "[No Variations]"
Add component (AddParameter): Name = "Publisher"; Value = "Altium Limited"; VariantName = "[No Variations]"
Added Pin To Net: NetName=GND Pin=P?-1
Added Pin To Net: NetName=GND Pin=P?-2
Added Pin To Net: NetName=GND Pin=P?-3
Added Pin To Net: NetName=GND Pin=P?-4
Added Pin To Net: NetName=GND Pin=P?-5
Added Pin To Net: NetName=GND Pin=P?-6
Added Pin To Net: NetName=GND Pin=P?-7
Added Pin To Net: NetName=GND Pin=P?-8
Added Pin To Net: NetName=GND Pin=P?-9
Added Pin To Net: NetName=GND Pin=P?-10
Added Pin To Net: NetName=GND Pin=P?-11
Added Pin To Net: NetName=GND Pin=P?-12
Added Pin To Net: NetName=GND Pin=P?-13
Added Pin To Net: NetName=GND Pin=P?-14
Added Pin To Net: NetName=GND Pin=P?-15
Added Pin To Net: NetName=GND Pin=P?-16
Added Member To Class: ClassName=12V Regulator Member=Component P? Header 8X2A
