Removed Member From Class: ClassName=Motor_Controller Member=R?
Removed Member From Class: ClassName=Sensors Member=R?
Change Component Designator: OldDesignator=R? NewDesignator=R1
Change Component Designator: OldDesignator=R? NewDesignator=R2
Change Component Designator: OldDesignator=R? NewDesignator=R3
Change Component Designator: OldDesignator=R? NewDesignator=R4
Change Component Designator: OldDesignator=R? NewDesignator=R5
Change Component Designator: OldDesignator=R? NewDesignator=R6
Change Component Designator: OldDesignator=R? NewDesignator=R7
Change Component Designator: OldDesignator=R? NewDesignator=R8
Change Component Designator: OldDesignator=R? NewDesignator=R9
Change Component Designator: OldDesignator=R? NewDesignator=R10
Change Component Designator: OldDesignator=R? NewDesignator=R11
Change Net Name : Old Net Name=Net5V_3 New Net Name=5V
Change Net Name : Old Net Name=NetDHT11_2 New Net Name=TEMP
Change Net Name : Old Net Name=NetESP12F_19 New Net Name=SCL
Change Net Name : Old Net Name=NetESP12F_20 New Net Name=SDA
Change Net Name : Old Net Name=NetESP12F_23 New Net Name=R
Change Net Name : Old Net Name=NetESP12F_24 New Net Name=G
Change Net Name : Old Net Name=NetESP12F_25 New Net Name=MOTOR
Change Net Name : Old Net Name=NetESP12F_26 New Net Name=B
Added Member To Class: ClassName=LEDS Member=Component R1 Res2
Added Member To Class: ClassName=LEDS Member=Component R2 Res2
Added Member To Class: ClassName=LEDS Member=Component R3 Res2
Added Member To Class: ClassName=LEDS Member=Component R4 Res2
Added Member To Class: ClassName=LEDS Member=Component R6 Res2
Added Member To Class: ClassName=LEDS Member=Component R7 Res2
Added Member To Class: ClassName=LEDS Member=Component R8 Res2
Added Member To Class: ClassName=LEDS Member=Component R9 Res2
Added Member To Class: ClassName=Motor_Controller Member=Component R10 Res2
Added Member To Class: ClassName=Sensors Member=Component R11 Res2
