Removed Pin From Net: NetName=NetD1_1 Pin=D1-1
Removed Pin From Net: NetName=GND Pin=D1-2
Removed Pin From Net: NetName=NetD1_3 Pin=D1-3
Removed Pin From Net: NetName=NetD1_4 Pin=D1-4
Removed Pin From Net: NetName=NetD1_1 Pin=D2-1
Removed Pin From Net: NetName=GND Pin=D2-2
Removed Pin From Net: NetName=NetD1_3 Pin=D2-3
Removed Pin From Net: NetName=NetD1_4 Pin=D2-4
Removed Pin From Net: NetName=NetD1_1 Pin=D3-1
Removed Pin From Net: NetName=GND Pin=D3-2
Removed Pin From Net: NetName=NetD1_3 Pin=D3-3
Removed Pin From Net: NetName=NetD1_4 Pin=D3-4
Removed Pin From Net: NetName=NetD1_1 Pin=D4-1
Removed Pin From Net: NetName=GND Pin=D4-2
Removed Pin From Net: NetName=NetD1_3 Pin=D4-3
Removed Pin From Net: NetName=NetD1_4 Pin=D4-4
Removed Pin From Net: NetName=NetD1_3 Pin=R3-2
Removed Pin From Net: NetName=NetD1_3 Pin=R4-2
Removed Pin From Net: NetName=NetD1_4 Pin=R5-2
Removed Pin From Net: NetName=NetD1_4 Pin=R6-2
Removed Member From Class: ClassName=LEDS Member=D1
Removed Member From Class: ClassName=LEDS Member=D2
Removed Member From Class: ClassName=LEDS Member=D3
Removed Member From Class: ClassName=LEDS Member=D4
Added Component: Designator=P?(PCB-kyzvxp2nvgyimcljxmwn-1)
Added Component: Designator=P?(PCB-kyzvxp2nvgyimcljxmwn-1)
Added Component: Designator=P?(PCB-kyzvxp2nvgyimcljxmwn-1)
Added Component: Designator=P?(PCB-kyzvxp2nvgyimcljxmwn-1)
Added Pin To Net: NetName=NetD1_3 Pin=P?-1
Added Pin To Net: NetName=NetD1_3 Pin=P?-1
Added Pin To Net: NetName=NetD1_3 Pin=P?-1
Added Pin To Net: NetName=NetD1_3 Pin=P?-1
Added Pin To Net: NetName=NetD1_4 Pin=P?-2
Added Pin To Net: NetName=NetD1_4 Pin=P?-2
Added Pin To Net: NetName=NetD1_4 Pin=P?-2
Added Pin To Net: NetName=NetD1_4 Pin=P?-2
Added Pin To Net: NetName=NetD1_1 Pin=P?-3
Added Pin To Net: NetName=NetD1_1 Pin=P?-3
Added Pin To Net: NetName=NetD1_1 Pin=P?-3
Added Pin To Net: NetName=GND Pin=P?-4
Added Pin To Net: NetName=GND Pin=P?-4
Added Pin To Net: NetName=GND Pin=P?-4
Added Pin To Net: NetName=GND Pin=P?-4
Added Pin To Net: NetName=NetD1_4 Pin=R3-2
Added Pin To Net: NetName=NetD1_4 Pin=R4-2
Added Pin To Net: NetName=NetD1_3 Pin=R5-2
Added Pin To Net: NetName=NetD1_3 Pin=R6-2
Change Net Name : Old Net Name=NetD1_1 New Net Name=R
Change Net Name : Old Net Name=NetD1_3 New Net Name=G
Change Net Name : Old Net Name=NetD1_4 New Net Name=B
Added Member To Class: ClassName=Motor_Controller Member=Component Motor XT30
Added Member To Class: ClassName=LEDS Member=Component P? Molex 047053 1000
