Added Component: Designator=*(PCB-8h6goupi0sbkduz6cbnu-1)
Added Component: Designator=3_3V(PCB-au5pcc3dbfiberwxa7uf-1)
Added Component: Designator=5V(PCB-au5pcc3dbfiberwxa7uf-1)
Added Component: Designator=D1(PCB-z73ilz2zi6klaqka9exw-1)
Added Component: Designator=D2(PCB-z73ilz2zi6klaqka9exw-1)
Added Component: Designator=D3(PCB-z73ilz2zi6klaqka9exw-1)
Added Component: Designator=D4(PCB-z73ilz2zi6klaqka9exw-1)
Added Component: Designator=DHT11(DHT11)
Added Component: Designator=ESP12F(PCB-z8aaw0yugxv87lcq77q0-1)
Added Component: Designator=Power_In(PCB-8h6goupi0sbkduz6cbnu-1)
Added Component: Designator=Q1(PCB-18787308-1)
Added Component: Designator=Q2(PCB-18787308-1)
Added Component: Designator=Q3(PCB-18787308-1)
Added Component: Designator=Q4(PCB-18787308-1)
Added Component: Designator=R1(PCB-mctr3h3tvednl0z90ud0-1)
Added Component: Designator=R2(PCB-mctr3h3tvednl0z90ud0-1)
Added Component: Designator=R3(PCB-mctr3h3tvednl0z90ud0-1)
Added Component: Designator=R4(PCB-mctr3h3tvednl0z90ud0-1)
Added Component: Designator=R5(PCB-mctr3h3tvednl0z90ud0-1)
Added Component: Designator=R6(PCB-mctr3h3tvednl0z90ud0-1)
Added Component: Designator=R7(PCB-mctr3h3tvednl0z90ud0-1)
Added Component: Designator=R8(PCB-mctr3h3tvednl0z90ud0-1)
Added Component: Designator=R9(PCB-mctr3h3tvednl0z90ud0-1)
Added Component: Designator=R10(PCB-mctr3h3tvednl0z90ud0-1)
Added Component: Designator=R11(PCB-mctr3h3tvednl0z90ud0-1)
Added Component: Designator=U1(PCB-y0s4izvblyw4j4eze3nd-1)
Added Pin To Net: NetName=3_3V Pin=3_3V-3
Added Pin To Net: NetName=3_3V Pin=ESP12F-1
Added Net: Name=3_3V
Added Pin To Net: NetName=5V Pin=5V-3
Added Pin To Net: NetName=5V Pin=DHT11-1
Added Pin To Net: NetName=5V Pin=Q1-2
Added Pin To Net: NetName=5V Pin=Q2-2
Added Pin To Net: NetName=5V Pin=Q3-2
Added Pin To Net: NetName=5V Pin=R11-2
Added Pin To Net: NetName=5V Pin=U1-4
Added Net: Name=5V
Added Pin To Net: NetName=12V Pin=3_3V-1
Added Pin To Net: NetName=12V Pin=5V-1
Added Pin To Net: NetName=12V Pin=Power_In-2
Added Pin To Net: NetName=12V Pin=Q4-2
Added Net: Name=12V
Added Pin To Net: NetName=B Pin=ESP12F-26
Added Pin To Net: NetName=B Pin=R8-1
Added Net: Name=B
Added Pin To Net: NetName=GND Pin=*-2
Added Pin To Net: NetName=GND Pin=3_3V-4
Added Pin To Net: NetName=GND Pin=5V-4
Added Pin To Net: NetName=GND Pin=D1-2
Added Pin To Net: NetName=GND Pin=D2-2
Added Pin To Net: NetName=GND Pin=D3-2
Added Pin To Net: NetName=GND Pin=D4-2
Added Pin To Net: NetName=GND Pin=DHT11-4
Added Pin To Net: NetName=GND Pin=ESP12F-2
Added Pin To Net: NetName=GND Pin=U1-2
Added Net: Name=GND
Added Pin To Net: NetName=G Pin=ESP12F-24
Added Pin To Net: NetName=G Pin=R9-1
Added Net: Name=G
Added Pin To Net: NetName=MOTOR Pin=ESP12F-25
Added Pin To Net: NetName=MOTOR Pin=R10-1
Added Net: Name=MOTOR
Added Pin To Net: NetName=Net3_3V_2 Pin=3_3V-2
Added Pin To Net: NetName=Net3_3V_2 Pin=5V-2
Added Pin To Net: NetName=Net3_3V_2 Pin=Power_In-1
Added Net: Name=Net3_3V_2
Added Pin To Net: NetName=Net*_1 Pin=*-1
Added Pin To Net: NetName=Net*_1 Pin=Q4-3
Added Net: Name=Net*_1
Added Pin To Net: NetName=NetD1_1 Pin=D1-1
Added Pin To Net: NetName=NetD1_1 Pin=D2-1
Added Pin To Net: NetName=NetD1_1 Pin=D3-1
Added Pin To Net: NetName=NetD1_1 Pin=D4-1
Added Pin To Net: NetName=NetD1_1 Pin=R1-2
Added Pin To Net: NetName=NetD1_1 Pin=R2-2
Added Net: Name=NetD1_1
Added Pin To Net: NetName=NetD1_3 Pin=D1-3
Added Pin To Net: NetName=NetD1_3 Pin=D2-3
Added Pin To Net: NetName=NetD1_3 Pin=D3-3
Added Pin To Net: NetName=NetD1_3 Pin=D4-3
Added Pin To Net: NetName=NetD1_3 Pin=R3-2
Added Pin To Net: NetName=NetD1_3 Pin=R4-2
Added Net: Name=NetD1_3
Added Pin To Net: NetName=NetD1_4 Pin=D1-4
Added Pin To Net: NetName=NetD1_4 Pin=D2-4
Added Pin To Net: NetName=NetD1_4 Pin=D3-4
Added Pin To Net: NetName=NetD1_4 Pin=D4-4
Added Pin To Net: NetName=NetD1_4 Pin=R5-2
Added Pin To Net: NetName=NetD1_4 Pin=R6-2
Added Net: Name=NetD1_4
Added Pin To Net: NetName=NetQ1_1 Pin=Q1-1
Added Pin To Net: NetName=NetQ1_1 Pin=R7-2
Added Net: Name=NetQ1_1
Added Pin To Net: NetName=NetQ1_3 Pin=Q1-3
Added Pin To Net: NetName=NetQ1_3 Pin=R1-1
Added Pin To Net: NetName=NetQ1_3 Pin=R2-1
Added Net: Name=NetQ1_3
Added Pin To Net: NetName=NetQ2_1 Pin=Q2-1
Added Pin To Net: NetName=NetQ2_1 Pin=R8-2
Added Net: Name=NetQ2_1
Added Pin To Net: NetName=NetQ2_3 Pin=Q2-3
Added Pin To Net: NetName=NetQ2_3 Pin=R3-1
Added Pin To Net: NetName=NetQ2_3 Pin=R4-1
Added Net: Name=NetQ2_3
Added Pin To Net: NetName=NetQ3_1 Pin=Q3-1
Added Pin To Net: NetName=NetQ3_1 Pin=R9-2
Added Net: Name=NetQ3_1
Added Pin To Net: NetName=NetQ3_3 Pin=Q3-3
Added Pin To Net: NetName=NetQ3_3 Pin=R5-1
Added Pin To Net: NetName=NetQ3_3 Pin=R6-1
Added Net: Name=NetQ3_3
Added Pin To Net: NetName=NetQ4_1 Pin=Q4-1
Added Pin To Net: NetName=NetQ4_1 Pin=R10-2
Added Net: Name=NetQ4_1
Added Pin To Net: NetName=R Pin=ESP12F-23
Added Pin To Net: NetName=R Pin=R7-1
Added Net: Name=R
Added Pin To Net: NetName=SCL Pin=ESP12F-19
Added Pin To Net: NetName=SCL Pin=U1-6
Added Net: Name=SCL
Added Pin To Net: NetName=SDA Pin=ESP12F-20
Added Pin To Net: NetName=SDA Pin=U1-1
Added Net: Name=SDA
Added Pin To Net: NetName=TEMP Pin=DHT11-2
Added Pin To Net: NetName=TEMP Pin=ESP12F-18
Added Pin To Net: NetName=TEMP Pin=R11-1
Added Net: Name=TEMP
Added Class: Name=Controller
Added Class: Name=LEDS
Added Class: Name=Motor_Controller
Added Class: Name=Power
Added Class: Name=Sensors
