Removed Pin From Net: NetName=NetC1_2 Pin=Current Viout-1
Removed Pin From Net: NetName=NetC2_2 Pin=Current Viout-2
Removed Pin From Net: NetName=NetC3_2 Pin=Current Viout-3
Removed Pin From Net: NetName=NetC4_2 Pin=Current Viout-4
Removed Pin From Net: NetName=NetC5_2 Pin=Current Viout-5
Removed Pin From Net: NetName=NetC6_2 Pin=Current Viout-6
Removed Pin From Net: NetName=NetC7_2 Pin=Current Viout-7
Removed Member From Class: ClassName=Underwater_ROV_Sensors Member=Current Viout
Added Pin To Net: NetName=12V Pin=Current_2-1
Added Pin To Net: NetName=12V Pin=Current_2-2
Added Pin To Net: NetName=NetCur_2_+ Pin=Current_2-3
Added Pin To Net: NetName=NetCur_2_+ Pin=Current_2-4
Added Pin To Net: NetName=GND Pin=Current_2-5
Added Pin To Net: NetName=NetCurrent_2_6 Pin=Current_2-6
Added Pin To Net: NetName=NetC2_2 Pin=Current_2-7
Added Pin To Net: NetName=3_3V Pin=Current_2-8
Added Pin To Net: NetName=12V Pin=Current_5-1
Added Pin To Net: NetName=12V Pin=Current_5-2
Added Pin To Net: NetName=NetCur_5_+ Pin=Current_5-3
Added Pin To Net: NetName=NetCur_5_+ Pin=Current_5-4
Added Pin To Net: NetName=GND Pin=Current_5-5
Added Pin To Net: NetName=NetCurrent_5_6 Pin=Current_5-6
Added Pin To Net: NetName=NetC5_2 Pin=Current_5-7
Added Pin To Net: NetName=3_3V Pin=Current_5-8
Change Net Name : Old Net Name=NetC1_2 New Net Name=Cur_1
Change Net Name : Old Net Name=NetC2_2 New Net Name=Cur_2
Change Net Name : Old Net Name=NetC3_2 New Net Name=Cur_3
Change Net Name : Old Net Name=NetC4_2 New Net Name=Cur_4
Change Net Name : Old Net Name=NetC5_2 New Net Name=Cur_5
Change Net Name : Old Net Name=NetC6_2 New Net Name=Cur_6
Change Net Name : Old Net Name=NetC7_2 New Net Name=Cur_7
