Change Component Designator: OldDesignator=Nano_1 NewDesignator=Nano_sens
Change Component Designator: OldDesignator=Nano_2 NewDesignator=Nano_servos
Change Component Designator: OldDesignator=Nano_3 NewDesignator=Nano_ESC
Added Pin To Net: NetName=12V Pin=Current_2-1
Added Pin To Net: NetName=12V Pin=Current_2-2
Added Pin To Net: NetName=NetCur_2_+ Pin=Current_2-3
Added Pin To Net: NetName=NetCur_2_+ Pin=Current_2-4
Added Pin To Net: NetName=GND Pin=Current_2-5
Added Pin To Net: NetName=NetCurrent_2_6 Pin=Current_2-6
Added Pin To Net: NetName=NetC2_2 Pin=Current_2-7
Added Pin To Net: NetName=3_3V Pin=Current_2-8
Added Pin To Net: NetName=12V Pin=Current_5-1
Added Pin To Net: NetName=12V Pin=Current_5-2
Added Pin To Net: NetName=NetCur_5_+ Pin=Current_5-3
Added Pin To Net: NetName=NetCur_5_+ Pin=Current_5-4
Added Pin To Net: NetName=GND Pin=Current_5-5
Added Pin To Net: NetName=NetCurrent_5_6 Pin=Current_5-6
Added Pin To Net: NetName=NetC5_2 Pin=Current_5-7
Added Pin To Net: NetName=3_3V Pin=Current_5-8
Change Net Name : Old Net Name=NetNano_1_3V3 New Net Name=NetNano_sens_3V3
Change Net Name : Old Net Name=NetNano_1_5V New Net Name=NetNano_sens_5V
Change Net Name : Old Net Name=NetNano_1_A0 New Net Name=NetNano_sens_A0
Change Net Name : Old Net Name=NetNano_1_A2 New Net Name=NetNano_sens_A2
Change Net Name : Old Net Name=NetNano_1_A3 New Net Name=NetNano_sens_A3
Change Net Name : Old Net Name=NetNano_1_A6 New Net Name=NetNano_sens_A6
Change Net Name : Old Net Name=NetNano_1_A7 New Net Name=NetNano_sens_A7
Change Net Name : Old Net Name=NetNano_1_D2 New Net Name=NetNano_sens_D2
Change Net Name : Old Net Name=NetNano_1_D3 New Net Name=NetNano_sens_D3
Change Net Name : Old Net Name=NetNano_1_D4 New Net Name=NetNano_sens_D4
Change Net Name : Old Net Name=NetNano_1_D5 New Net Name=NetNano_sens_D5
Change Net Name : Old Net Name=NetNano_1_D6 New Net Name=NetNano_sens_D6
Change Net Name : Old Net Name=NetNano_1_D7 New Net Name=NetNano_sens_D7
Change Net Name : Old Net Name=NetNano_1_D8 New Net Name=NetNano_sens_D8
Change Net Name : Old Net Name=NetNano_1_D9 New Net Name=NetNano_sens_D9
Change Net Name : Old Net Name=NetNano_1_D10 New Net Name=NetNano_sens_D10
Change Net Name : Old Net Name=NetNano_1_D11 New Net Name=NetNano_sens_D11
Change Net Name : Old Net Name=NetNano_1_D12 New Net Name=NetNano_sens_D12
Change Net Name : Old Net Name=NetNano_1_D13 New Net Name=NetNano_sens_D13
Change Net Name : Old Net Name=NetNano_1_REF New Net Name=NetNano_sens_REF
Change Net Name : Old Net Name=NetNano_1_RST New Net Name=NetNano_sens_RST
Change Net Name : Old Net Name=NetNano_1_RST. New Net Name=NetNano_sens_RST.
Change Net Name : Old Net Name=NetNano_1_RX1 New Net Name=NetNano_sens_RX1
Change Net Name : Old Net Name=NetNano_1_TX1 New Net Name=NetNano_sens_TX1
Change Net Name : Old Net Name=NetNano_2_3V3 New Net Name=NetNano_servos_3V3
Change Net Name : Old Net Name=NetNano_2_5V New Net Name=NetNano_servos_5V
Change Net Name : Old Net Name=NetNano_2_A0 New Net Name=NetNano_servos_A0
Change Net Name : Old Net Name=NetNano_2_A1 New Net Name=NetNano_servos_A1
Change Net Name : Old Net Name=NetNano_2_A2 New Net Name=NetNano_servos_A2
Change Net Name : Old Net Name=NetNano_2_A3 New Net Name=NetNano_servos_A3
Change Net Name : Old Net Name=NetNano_2_A6 New Net Name=NetNano_servos_A6
Change Net Name : Old Net Name=NetNano_2_A7 New Net Name=NetNano_servos_A7
Change Net Name : Old Net Name=NetNano_2_D2 New Net Name=NetNano_servos_D2
Change Net Name : Old Net Name=NetNano_2_D3 New Net Name=NetNano_servos_D3
Change Net Name : Old Net Name=NetNano_2_D4 New Net Name=NetNano_servos_D4
Change Net Name : Old Net Name=NetNano_2_D5 New Net Name=NetNano_servos_D5
Change Net Name : Old Net Name=NetNano_2_D6 New Net Name=NetNano_servos_D6
Change Net Name : Old Net Name=NetNano_2_D7 New Net Name=NetNano_servos_D7
Change Net Name : Old Net Name=NetNano_2_D8 New Net Name=NetNano_servos_D8
Change Net Name : Old Net Name=NetNano_2_D9 New Net Name=NetNano_servos_D9
Change Net Name : Old Net Name=NetNano_2_D10 New Net Name=NetNano_servos_D10
Change Net Name : Old Net Name=NetNano_2_D11 New Net Name=NetNano_servos_D11
Change Net Name : Old Net Name=NetNano_2_D12 New Net Name=NetNano_servos_D12
Change Net Name : Old Net Name=NetNano_2_D13 New Net Name=NetNano_servos_D13
Change Net Name : Old Net Name=NetNano_2_REF New Net Name=NetNano_servos_REF
Change Net Name : Old Net Name=NetNano_2_RST New Net Name=NetNano_servos_RST
Change Net Name : Old Net Name=NetNano_2_RST. New Net Name=NetNano_servos_RST.
Change Net Name : Old Net Name=NetNano_2_RX1 New Net Name=NetNano_servos_RX1
Change Net Name : Old Net Name=NetNano_2_TX1 New Net Name=NetNano_servos_TX1
Change Net Name : Old Net Name=NetP2_1 New Net Name=NetNano_ESC_D2
Change Net Name : Old Net Name=NetP2_2 New Net Name=NetNano_ESC_D3
Change Net Name : Old Net Name=NetP3_1 New Net Name=NetNano_ESC_D4
Change Net Name : Old Net Name=NetP3_2 New Net Name=NetNano_ESC_D5
Change Net Name : Old Net Name=NetP4_1 New Net Name=NetNano_ESC_D6
Change Net Name : Old Net Name=NetP4_2 New Net Name=NetNano_ESC_D9
Change Net Name : Old Net Name=NetP5_1 New Net Name=NetNano_ESC_D10
Change Net Name : Old Net Name=NetP5_2 New Net Name=NetNano_ESC_D11
