Removed Pin From Net: NetName=VCC Pin=5V-1
Removed Pin From Net: NetName=VCC Pin=5V-2
Removed Member From Class: ClassName=Underwater_ROV_Servos Member=5V
Added Pin To Net: NetName=12V Pin=Current_2-1
Added Pin To Net: NetName=12V Pin=Current_2-2
Added Pin To Net: NetName=NetCur_2_+ Pin=Current_2-3
Added Pin To Net: NetName=NetCur_2_+ Pin=Current_2-4
Added Pin To Net: NetName=GND Pin=Current_2-5
Added Pin To Net: NetName=NetCurrent_2_6 Pin=Current_2-6
Added Pin To Net: NetName=Cur_2 Pin=Current_2-7
Added Pin To Net: NetName=3_3V Pin=Current_2-8
Added Pin To Net: NetName=12V Pin=Current_5-1
Added Pin To Net: NetName=12V Pin=Current_5-2
Added Pin To Net: NetName=NetCur_5_+ Pin=Current_5-3
Added Pin To Net: NetName=NetCur_5_+ Pin=Current_5-4
Added Pin To Net: NetName=GND Pin=Current_5-5
Added Pin To Net: NetName=NetCurrent_5_6 Pin=Current_5-6
Added Pin To Net: NetName=Cur_5 Pin=Current_5-7
Added Pin To Net: NetName=3_3V Pin=Current_5-8
Added Pin To Net: NetName=VCC Pin=Nano_servos-5V
Added Pin To Net: NetName=VCC Pin=P15-4
Added Member To Class: ClassName=Underwater_ROV_CurrentSense Member=Component P? Header 15
