Removed Pin From Net: NetName=NetP1_1 Pin=P1-1
Removed Pin From Net: NetName=NetP1_2 Pin=P1-2
Removed Pin From Net: NetName=NetP2_1 Pin=P2-1
Removed Pin From Net: NetName=NetP2_2 Pin=P2-2
Removed Pin From Net: NetName=NetP3_1 Pin=P3-1
Removed Pin From Net: NetName=NetP3_3 Pin=P3-3
Removed Pin From Net: NetName=NetP3_4 Pin=P3-4
Removed Pin From Net: NetName=Net*3_2 Pin=U3-1
Removed Pin From Net: NetName=Net*3_4 Pin=U3-2
Removed Pin From Net: NetName=NetP2_2 Pin=U3-3
Removed Pin From Net: NetName=Net*3_4 Pin=U3-4
Removed Pin From Net: NetName=NetP3_4 Pin=U3-5
Removed Pin From Net: NetName=NetP3_3 Pin=U3-6
Removed Pin From Net: NetName=NetP3_2 Pin=U3-7
Removed Pin From Net: NetName=NetP3_1 Pin=U3-8
Removed Pin From Net: NetName=GND Pin=U3-9
Removed Pin From Net: NetName=GND Pin=U3-10
Removed Pin From Net: NetName=NetP2_1 Pin=U3-11
Removed Pin From Net: NetName=12V Pin=U3-12
Removed Pin From Net: NetName=12V Pin=U3-13
Removed Pin From Net: NetName=NetP1_2 Pin=U3-14
Removed Pin From Net: NetName=NetP1_1 Pin=U3-15
Removed Member From Class: ClassName=12V Regulator Member=U3
Change Component Footprint: Designator=P3 Old Footprint=HDR1X4 New Footprint=HDR1X5
Change Component Comment : Designator=P3 Old Comment=Header 4 New Comment=Header 5
Added Component: Designator=*(PCBComponent_1)
Add component. Clean all parameters for all variants
Added Pin To Net: NetName=Net*3_2 Pin=*-1
Added Pin To Net: NetName=Net*3_4 Pin=*-2
Added Pin To Net: NetName=NetP2_1 Pin=*-3
Added Pin To Net: NetName=GND Pin=*-5
Added Pin To Net: NetName=GND Pin=*-6
Added Pin To Net: NetName=NetP3_1 Pin=*-7
Added Pin To Net: NetName=12V Pin=*-8
Added Pin To Net: NetName=12V Pin=*-9
Added Pin To Net: NetName=NetP3_2 Pin=*-10
Added Pin To Net: NetName=NetP1_1 Pin=*-11
Added Pin To Net: NetName=NetP3_3 Pin=*-12
Added Pin To Net: NetName=NetP1_2 Pin=*-13
Added Pin To Net: NetName=NetP3_4 Pin=*-14
Added Pin To Net: NetName=NetP2_2 Pin=*-16
Added Pin To Net: NetName=NetP2_2 Pin=P1-1
Added Pin To Net: NetName=NetP3_1 Pin=P2-1
Added Pin To Net: NetName=NetP2_1 Pin=P2-2
Added Pin To Net: NetName=NetP1_1 Pin=P3-1
Added Pin To Net: NetName=NetP1_2 Pin=P3-3
Added Pin To Net: NetName=NetP3_3 Pin=P3-4
Added Pin To Net: NetName=NetP3_4 Pin=P3-5
Change Net Name : Old Net Name=NetP1_1 New Net Name=Net*_11
Change Net Name : Old Net Name=NetP1_2 New Net Name=Net*_13
Change Net Name : Old Net Name=NetP2_1 New Net Name=Net*_3
Change Net Name : Old Net Name=NetP2_2 New Net Name=Net*_16
Change Net Name : Old Net Name=NetP3_1 New Net Name=Net*_7
Change Net Name : Old Net Name=NetP3_2 New Net Name=Net*_10
Change Net Name : Old Net Name=NetP3_3 New Net Name=Net*_12
Change Net Name : Old Net Name=NetP3_4 New Net Name=Net*_14
Added Pin To Net: NetName=Net*_15 Pin=*-15
Added Pin To Net: NetName=Net*_15 Pin=P1-2
Added Net: Name=Net*_15
Added Member To Class: ClassName=12V Regulator Member=Component *2 PA2755NL
Added Member To Class: ClassName=12V Regulator Member=Component *3 PA2755NL
Added Member To Class: ClassName=12V Regulator Member=Component * Q48SC12033
Added Member To Class: ClassName=12V Regulator Member=Component C12 47nF
Added Member To Class: ClassName=12V Regulator Member=Component C13 47nF
Added Member To Class: ClassName=12V Regulator Member=Component C14 6.6uF
Added Member To Class: ClassName=12V Regulator Member=Component C15 6.6uF
Added Member To Class: ClassName=12V Regulator Member=Component C16 2.2uF
Added Member To Class: ClassName=12V Regulator Member=Component C17 Cap2
Added Member To Class: ClassName=12V Regulator Member=Component C18 47nF
Added Member To Class: ClassName=12V Regulator Member=Component C19 47nF
Added Member To Class: ClassName=12V Regulator Member=Component I3 VS-65PQ015PBF
