Added Component: Designator=P4(HDR2X8H)
Add component. Clean all parameters for all variants
Add component (AddParameter): Name = "LatestRevisionDate"; Value = "17-Jul-2002"; VariantName = "[No Variations]"
Add component (AddParameter): Name = "LatestRevisionNote"; Value = "Re-released for DXP Platform."; VariantName = "[No Variations]"
Add component (AddParameter): Name = "Publisher"; Value = "Altium Limited"; VariantName = "[No Variations]"
Added Component: Designator=P5(HDR2X8H)
Add component. Clean all parameters for all variants
Add component (AddParameter): Name = "LatestRevisionDate"; Value = "17-Jul-2002"; VariantName = "[No Variations]"
Add component (AddParameter): Name = "LatestRevisionNote"; Value = "Re-released for DXP Platform."; VariantName = "[No Variations]"
Add component (AddParameter): Name = "Publisher"; Value = "Altium Limited"; VariantName = "[No Variations]"
Added Pin To Net: NetName=GND Pin=P4-1
Added Pin To Net: NetName=GND Pin=P4-2
Added Pin To Net: NetName=GND Pin=P4-3
Added Pin To Net: NetName=GND Pin=P4-4
Added Pin To Net: NetName=GND Pin=P4-5
Added Pin To Net: NetName=GND Pin=P4-6
Added Pin To Net: NetName=GND Pin=P4-7
Added Pin To Net: NetName=GND Pin=P4-8
Added Pin To Net: NetName=GND Pin=P4-9
Added Pin To Net: NetName=GND Pin=P4-10
Added Pin To Net: NetName=GND Pin=P4-11
Added Pin To Net: NetName=GND Pin=P4-12
Added Pin To Net: NetName=GND Pin=P4-13
Added Pin To Net: NetName=GND Pin=P4-14
Added Pin To Net: NetName=GND Pin=P4-15
Added Pin To Net: NetName=GND Pin=P4-16
Added Pin To Net: NetName=3_3V Pin=P5-1
Added Pin To Net: NetName=3_3V Pin=P5-2
Added Pin To Net: NetName=3_3V Pin=P5-3
Added Pin To Net: NetName=3_3V Pin=P5-4
Added Pin To Net: NetName=3_3V Pin=P5-5
Added Pin To Net: NetName=3_3V Pin=P5-6
Added Pin To Net: NetName=3_3V Pin=P5-7
Added Pin To Net: NetName=3_3V Pin=P5-8
Added Pin To Net: NetName=3_3V Pin=P5-9
Added Pin To Net: NetName=3_3V Pin=P5-10
Added Pin To Net: NetName=3_3V Pin=P5-11
Added Pin To Net: NetName=3_3V Pin=P5-12
Added Pin To Net: NetName=3_3V Pin=P5-13
Added Pin To Net: NetName=3_3V Pin=P5-14
Added Pin To Net: NetName=3_3V Pin=P5-15
Added Pin To Net: NetName=3_3V Pin=P5-16
Added Member To Class: ClassName=5V Regulator Member=Component P4 5V Header
Added Member To Class: ClassName=3_3V Regulator Member=Component P5 3_3V Header
