Change Component Designator: OldDesignator=P6 (GND) NewDesignator=P6
Added Component: Designator=P7(HDR2X8H)
Add component. Clean all parameters for all variants
Add component (AddParameter): Name = "LatestRevisionDate"; Value = "17-Jul-2002"; VariantName = "[No Variations]"
Add component (AddParameter): Name = "LatestRevisionNote"; Value = "Re-released for DXP Platform."; VariantName = "[No Variations]"
Add component (AddParameter): Name = "Publisher"; Value = "Altium Limited"; VariantName = "[No Variations]"
Added Net: Name=Net2_1
Added Pin To Net: NetName=Net2_3 Pin=P7-1
Added Pin To Net: NetName=Net2_3 Pin=P7-2
Added Pin To Net: NetName=Net2_3 Pin=P7-3
Added Pin To Net: NetName=Net2_3 Pin=P7-4
Added Pin To Net: NetName=Net2_3 Pin=P7-5
Added Pin To Net: NetName=Net2_3 Pin=P7-6
Added Pin To Net: NetName=Net2_3 Pin=P7-7
Added Pin To Net: NetName=Net2_3 Pin=P7-8
Added Pin To Net: NetName=Net2_3 Pin=P7-9
Added Pin To Net: NetName=Net2_3 Pin=P7-10
Added Pin To Net: NetName=Net2_3 Pin=P7-11
Added Pin To Net: NetName=Net2_3 Pin=P7-12
Added Pin To Net: NetName=Net2_3 Pin=P7-13
Added Pin To Net: NetName=Net2_3 Pin=P7-14
Added Pin To Net: NetName=Net2_3 Pin=P7-15
Added Pin To Net: NetName=Net2_3 Pin=P7-16
Added Net: Name=Net2_3
Added Net: Name=Net2_4
Added Net: Name=Net2_6
Added Net: Name=Net2_7
Added Class: Name=5V Regulator_1
Added Member To Class: ClassName=12V Regulator Member=Component P1 Header 2
Added Member To Class: ClassName=12V Regulator Member=Component P2 Header 2
Added Member To Class: ClassName=12V Regulator Member=Component P3 Header 5
Added Room: Name=5V Regulator_1
