Removed Member From Class: ClassName=OSU_Robotics_Kids_lights Member=U4
Change Component Designator: OldDesignator=C11 NewDesignator=0402 (1005)
Change Component Designator: OldDesignator=C12 NewDesignator=0603 (1608)
Change Component Designator: OldDesignator=C13 NewDesignator=1206 (3216)
Change Component Designator: OldDesignator=C14 NewDesignator=1210 (3225)
Change Component Designator: OldDesignator=C15 NewDesignator=0805 (2012)
Change Component Designator: OldDesignator=D6 NewDesignator=SOT23
Change Component Designator: OldDesignator=U5 NewDesignator=QFP 65 .5mm
Change Component Designator: OldDesignator=U6 NewDesignator=QFP 32 .08mm
Change Component Designator: OldDesignator=U7 NewDesignator=SOIC 8
Added Component: Designator=SMA(DIODE-SMA)
Add component. Clean all parameters for all variants
Add component (AddParameter): Name = "Supplier 1"; Value = "Digi-Key"; VariantName = "[No Variations]"
Add component (AddParameter): Name = "Supplier Part Number 1"; Value = "MBRS140FSTR-ND"; VariantName = "[No Variations]"
Added Component: Designator=SMB(SMB)
Add component. Clean all parameters for all variants
Add component (AddParameter): Name = "Code_JEDEC"; Value = "DO-214-AA"; VariantName = "[No Variations]"
Add component (AddParameter): Name = "LatestRevisionDate"; Value = "17-Jul-2002"; VariantName = "[No Variations]"
Add component (AddParameter): Name = "LatestRevisionNote"; Value = "Re-released for DXP Platform."; VariantName = "[No Variations]"
Add component (AddParameter): Name = "PackageDescription"; Value = "DO-214-AA/SMB; 2 C-Bend Leads; Body 5.3 x 3.6 mm, inc. leads (LxW)"; VariantName = "[No Variations]"
Add component (AddParameter): Name = "PackageReference"; Value = "SMB"; VariantName = "[No Variations]"
Add component (AddParameter): Name = "Published"; Value = "8-Jun-2000"; VariantName = "[No Variations]"
Add component (AddParameter): Name = "Publisher"; Value = "Altium Limited"; VariantName = "[No Variations]"
Added Component: Designator=SMC(SMC)
Add component. Clean all parameters for all variants
Add component (AddParameter): Name = "Code_JEDEC"; Value = "DO-214-AB"; VariantName = "[No Variations]"
Add component (AddParameter): Name = "LatestRevisionDate"; Value = "17-Jul-2002"; VariantName = "[No Variations]"
Add component (AddParameter): Name = "LatestRevisionNote"; Value = "Re-released for DXP Platform."; VariantName = "[No Variations]"
Add component (AddParameter): Name = "PackageDescription"; Value = "DO-214-AB/SMC; 2 C-Bend Leads; Body 7.9 x 5.9 mm, inc. leads (LxW)"; VariantName = "[No Variations]"
Add component (AddParameter): Name = "PackageReference"; Value = "SMC"; VariantName = "[No Variations]"
Add component (AddParameter): Name = "PackageVersion"; Value = "Sep-1996"; VariantName = "[No Variations]"
Add component (AddParameter): Name = "Published"; Value = "8-Jun-2000"; VariantName = "[No Variations]"
Add component (AddParameter): Name = "Publisher"; Value = "Altium Limited"; VariantName = "[No Variations]"
Added Component: Designator=SMC(SMC)
Add component. Clean all parameters for all variants
Add component (AddParameter): Name = "Code_JEDEC"; Value = "DO-214-AB"; VariantName = "[No Variations]"
Add component (AddParameter): Name = "LatestRevisionDate"; Value = "17-Jul-2002"; VariantName = "[No Variations]"
Add component (AddParameter): Name = "LatestRevisionNote"; Value = "Re-released for DXP Platform."; VariantName = "[No Variations]"
Add component (AddParameter): Name = "PackageDescription"; Value = "DO-214-AB/SMC; 2 C-Bend Leads; Body 7.9 x 5.9 mm, inc. leads (LxW)"; VariantName = "[No Variations]"
Add component (AddParameter): Name = "PackageReference"; Value = "SMC"; VariantName = "[No Variations]"
Add component (AddParameter): Name = "PackageVersion"; Value = "Sep-1996"; VariantName = "[No Variations]"
Add component (AddParameter): Name = "Published"; Value = "8-Jun-2000"; VariantName = "[No Variations]"
Add component (AddParameter): Name = "Publisher"; Value = "Altium Limited"; VariantName = "[No Variations]"
Added Component: Designator=SOD323(SOD323)
Add component. Clean all parameters for all variants
Add component (AddParameter): Name = "Supplier 1"; Value = "Digi-Key"; VariantName = "[No Variations]"
Add component (AddParameter): Name = "Supplier Part Number 1"; Value = "497-3381-2-ND"; VariantName = "[No Variations]"
Added Component: Designator=SOT23-3(SOT23-3)
Add component. Clean all parameters for all variants
Add component (AddParameter): Name = "PROD_ID"; Value = "IC-11208"; VariantName = "[No Variations]"
Added Component: Designator=SOT23-5(SOT23-5)
Add component. Clean all parameters for all variants
Add component (AddParameter): Name = "Amplifier Type"; Value = "General Purpose"; VariantName = "[No Variations]"
Add component (AddParameter): Name = "Category"; Value = "Integrated Circuits (ICs)"; VariantName = "[No Variations]"
Add component (AddParameter): Name = "Current - Input Bias"; Value = "0.2pA"; VariantName = "[No Variations]"
Add component (AddParameter): Name = "Current - Output / Channel"; Value = "50mA"; VariantName = "[No Variations]"
Add component (AddParameter): Name = "Current - Supply"; Value = "750µA"; VariantName = "[No Variations]"
Add component (AddParameter): Name = "Gain Bandwidth Product"; Value = "8.4MHz"; VariantName = "[No Variations]"
Add component (AddParameter): Name = "Manufacturer"; Value = "Analog Devices Inc"; VariantName = "[No Variations]"
Add component (AddParameter): Name = "Manufacturer Part Number"; Value = "AD8601WDRTZ-REEL7"; VariantName = "[No Variations]"
Add component (AddParameter): Name = "NI?"; Value = ""; VariantName = "[No Variations]"
Add component (AddParameter): Name = "Number of Circuits"; Value = "1"; VariantName = "[No Variations]"
Add component (AddParameter): Name = "O?"; Value = ""; VariantName = "[No Variations]"
Add component (AddParameter): Name = "Operating Temperature"; Value = "-40°C ~ 125°C"; VariantName = "[No Variations]"
Add component (AddParameter): Name = "Output Type"; Value = "Rail-to-Rail"; VariantName = "[No Variations]"
Add component (AddParameter): Name = "Package / Case"; Value = "SOT-23-5, SC-74A, SOT-25"; VariantName = "[No Variations]"
Add component (AddParameter): Name = "Packaging"; Value = "Cut Tape (CT)"; VariantName = "[No Variations]"
Add component (AddParameter): Name = "RoHS"; Value = "RoHS Compliant"; VariantName = "[No Variations]"
Add component (AddParameter): Name = "Section"; Value = ""; VariantName = "[No Variations]"
Add component (AddParameter): Name = "Slew Rate"; Value = "6 V/µs"; VariantName = "[No Variations]"
Add component (AddParameter): Name = "Supplier"; Value = "Digi-Key"; VariantName = "[No Variations]"
Add component (AddParameter): Name = "Supplier 1"; Value = "Digi-Key"; VariantName = "[No Variations]"
Add component (AddParameter): Name = "Supplier Part Number"; Value = "AD8601WDRTZ-REEL7CT-ND"; VariantName = "[No Variations]"
Add component (AddParameter): Name = "Supplier Part Number 1"; Value = "AD8601WDRTZ-REEL7CT-ND"; VariantName = "[No Variations]"
Add component (AddParameter): Name = "Text Field1"; Value = "ST"; VariantName = "[No Variations]"
Add component (AddParameter): Name = "Text Field2"; Value = "LM2903DT"; VariantName = "[No Variations]"
Add component (AddParameter): Name = "Text Field3"; Value = "Avnet"; VariantName = "[No Variations]"
Add component (AddParameter): Name = "Text Field4"; Value = "LM2903DT"; VariantName = "[No Variations]"
Add component (AddParameter): Name = "Text Field5"; Value = "SO8"; VariantName = "[No Variations]"
Add component (AddParameter): Name = "Text Field6"; Value = "0.078"; VariantName = "[No Variations]"
Add component (AddParameter): Name = "Voltage - Input Offset"; Value = "1300µV"; VariantName = "[No Variations]"
Add component (AddParameter): Name = "Voltage - Supply, Single/Dual (±)"; Value = "2.7 V ~ 5.5 V"; VariantName = "[No Variations]"
Added Member To Class: ClassName=OSU_Robotics_Kids_lights Member=Component SMA MBRS140
Added Member To Class: ClassName=OSU_Robotics_Kids_lights Member=Component SMB D Schottky
Added Member To Class: ClassName=OSU_Robotics_Kids_lights Member=Component SMC Diode
Added Member To Class: ClassName=OSU_Robotics_Kids_lights Member=Component SMC Diode
Added Member To Class: ClassName=OSU_Robotics_Kids_lights Member=Component SOD323 BAT20
Added Member To Class: ClassName=OSU_Robotics_Kids_lights Member=Component SOT23-3 
Added Member To Class: ClassName=OSU_Robotics_Kids_lights Member=Component SOT23-5 AD8601
